<?xml version="1.0" encoding="UTF-8"?>
<Site BuildName="Linux-g++"
	BuildStamp="20221116-0929-Experimental"
	Name="DESKTOP-V63MVKM"
	Generator="ctest-3.10.2"
	CompilerName="/usr/bin/g++"
	CompilerVersion="7.5.0"
	OSName="Linux"
	Hostname="DESKTOP-V63MVKM"
	OSRelease="5.10.16.3-microsoft-standard-WSL2"
	OSVersion="#1 SMP Fri Apr 2 22:23:49 UTC 2021"
	OSPlatform="x86_64"
	Is64Bits="1"
	VendorString="GenuineIntel"
	VendorID="Intel Corporation"
	FamilyID="6"
	ModelID="165"
	ProcessorCacheSize="16384"
	NumberOfLogicalCPU="16"
	NumberOfPhysicalCPU="8"
	TotalVirtualMemory="2048"
	TotalPhysicalMemory="7888"
	LogicalProcessorsPerPhysical="2"
	ProcessorClockFrequency="2304.01"
	>
	<Testing>
		<StartDateTime>Nov 16 18:29 KST</StartDateTime>
		<StartTestTime>1668590988</StartTestTime>
		<TestList/>
		<EndDateTime>Nov 16 18:29 KST</EndDateTime>
		<EndTestTime>1668590988</EndTestTime>
		<ElapsedMinutes>0</ElapsedMinutes>
	</Testing>
</Site>
